[2023-01-24 20:06:31] laravel.EMERGENCY: Unable to create configured logger. Using emergency logger. {"exception":"[object] (InvalidArgumentException(code: 0): Credentials must be an instance of Aws\\Credentials\\CredentialsInterface, an associative array that contains \"key\", \"secret\", and an optional \"token\" key-value pairs, a credentials provider function, or false. at D:\\BH\\herbareyou\\sakura_herb_are_you\\api-herbareyou\\vendor\\aws\\aws-sdk-php\\src\\ClientResolver.php:531)
[stacktrace]
#0 D:\\BH\\herbareyou\\sakura_herb_are_you\\api-herbareyou\\vendor\\aws\\aws-sdk-php\\src\\ClientResolver.php(352): Aws\\ClientResolver::_apply_credentials(Array, Array, Object(Aws\\HandlerList))
#1 D:\\BH\\herbareyou\\sakura_herb_are_you\\api-herbareyou\\vendor\\aws\\aws-sdk-php\\src\\AwsClient.php(199): Aws\\ClientResolver->resolve(Array, Object(Aws\\HandlerList))
#2 D:\\BH\\herbareyou\\sakura_herb_are_you\\api-herbareyou\\app\\Logging\\CloudWatchLog.php(15): Aws\\AwsClient->__construct(Array)
#3 D:\\BH\\herbareyou\\sakura_herb_are_you\\api-herbareyou\\vendor\\laravel\\framework\\src\\Illuminate\\Log\\LogManager.php(229): App\\Logging\\CloudWatchLog->__invoke(Array)
#4 D:\\BH\\herbareyou\\sakura_herb_are_you\\api-herbareyou\\vendor\\laravel\\framework\\src\\Illuminate\\Log\\LogManager.php(202): Illuminate\\Log\\LogManager->createCustomDriver(Array)
#5 D:\\BH\\herbareyou\\sakura_herb_are_you\\api-herbareyou\\vendor\\laravel\\framework\\src\\Illuminate\\Log\\LogManager.php(118): Illuminate\\Log\\LogManager->resolve('cloudwatch')
#6 D:\\BH\\herbareyou\\sakura_herb_are_you\\api-herbareyou\\vendor\\laravel\\framework\\src\\Illuminate\\Log\\LogManager.php(98): Illuminate\\Log\\LogManager->get('cloudwatch')
#7 D:\\BH\\herbareyou\\sakura_herb_are_you\\api-herbareyou\\vendor\\laravel\\framework\\src\\Illuminate\\Log\\LogManager.php(543): Illuminate\\Log\\LogManager->driver()
#8 D:\\BH\\herbareyou\\sakura_herb_are_you\\api-herbareyou\\vendor\\laravel\\framework\\src\\Illuminate\\Support\\Facades\\Facade.php(261): Illuminate\\Log\\LogManager->error(Object(InvalidArgumentException))
#9 D:\\BH\\herbareyou\\sakura_herb_are_you\\api-herbareyou\\app\\Http\\Controllers\\Api\\Adminer\\UploadFileController.php(40): Illuminate\\Support\\Facades\\Facade::__callStatic('error', Array)
#10 D:\\BH\\herbareyou\\sakura_herb_are_you\\api-herbareyou\\vendor\\laravel\\framework\\src\\Illuminate\\Routing\\Controller.php(54): App\\Http\\Controllers\\Api\\Adminer\\UploadFileController->getPreSignedUrl(Object(App\\Http\\Requests\\Api\\Adminer\\UploadFileGetPreSignedUrlRequest))
#11 D:\\BH\\herbareyou\\sakura_herb_are_you\\api-herbareyou\\vendor\\laravel\\framework\\src\\Illuminate\\Routing\\ControllerDispatcher.php(45): Illuminate\\Routing\\Controller->callAction('getPreSignedUrl', Array)
#12 D:\\BH\\herbareyou\\sakura_herb_are_you\\api-herbareyou\\vendor\\laravel\\framework\\src\\Illuminate\\Routing\\Route.php(239): Illuminate\\Routing\\ControllerDispatcher->dispatch(Object(Illuminate\\Routing\\Route), Object(App\\Http\\Controllers\\Api\\Adminer\\UploadFileController), 'getPreSignedUrl')
#13 D:\\BH\\herbareyou\\sakura_herb_are_you\\api-herbareyou\\vendor\\laravel\\framework\\src\\Illuminate\\Routing\\Route.php(196): Illuminate\\Routing\\Route->runController()
#14 D:\\BH\\herbareyou\\sakura_herb_are_you\\api-herbareyou\\vendor\\laravel\\framework\\src\\Illuminate\\Routing\\Router.php(685): Illuminate\\Routing\\Route->run()
#15 D:\\BH\\herbareyou\\sakura_herb_are_you\\api-herbareyou\\vendor\\laravel\\framework\\src\\Illuminate\\Pipeline\\Pipeline.php(128): Illuminate\\Routing\\Router->Illuminate\\Routing\\{closure}(Object(Illuminate\\Http\\Request))
#16 D:\\BH\\herbareyou\\sakura_herb_are_you\\api-herbareyou\\app\\Http\\Middleware\\Cors.php(11): Illuminate\\Pipeline\\Pipeline->Illuminate\\Pipeline\\{closure}(Object(Illuminate\\Http\\Request))
#17 D:\\BH\\herbareyou\\sakura_herb_are_you\\api-herbareyou\\vendor\\laravel\\framework\\src\\Illuminate\\Pipeline\\Pipeline.php(167): App\\Http\\Middleware\\Cors->handle(Object(Illuminate\\Http\\Request), Object(Closure))
#18 D:\\BH\\herbareyou\\sakura_herb_are_you\\api-herbareyou\\vendor\\laravel\\framework\\src\\Illuminate\\Routing\\Middleware\\SubstituteBindings.php(41): Illuminate\\Pipeline\\Pipeline->Illuminate\\Pipeline\\{closure}(Object(Illuminate\\Http\\Request))
#19 D:\\BH\\herbareyou\\sakura_herb_are_you\\api-herbareyou\\vendor\\laravel\\framework\\src\\Illuminate\\Pipeline\\Pipeline.php(167): Illuminate\\Routing\\Middleware\\SubstituteBindings->handle(Object(Illuminate\\Http\\Request), Object(Closure))
#20 D:\\BH\\herbareyou\\sakura_herb_are_you\\api-herbareyou\\vendor\\laravel\\framework\\src\\Illuminate\\Routing\\Middleware\\ThrottleRequests.php(59): Illuminate\\Pipeline\\Pipeline->Illuminate\\Pipeline\\{closure}(Object(Illuminate\\Http\\Request))
#21 D:\\BH\\herbareyou\\sakura_herb_are_you\\api-herbareyou\\vendor\\laravel\\framework\\src\\Illuminate\\Pipeline\\Pipeline.php(167): Illuminate\\Routing\\Middleware\\ThrottleRequests->handle(Object(Illuminate\\Http\\Request), Object(Closure), 1000, '1')
#22 D:\\BH\\herbareyou\\sakura_herb_are_you\\api-herbareyou\\vendor\\smartins\\passport-multiauth\\src\\Http\\Middleware\\MultiAuthenticate.php(137): Illuminate\\Pipeline\\Pipeline->Illuminate\\Pipeline\\{closure}(Object(Illuminate\\Http\\Request))
#23 D:\\BH\\herbareyou\\sakura_herb_are_you\\api-herbareyou\\vendor\\laravel\\framework\\src\\Illuminate\\Pipeline\\Pipeline.php(167): SMartins\\PassportMultiauth\\Http\\Middleware\\MultiAuthenticate->handle(Object(Illuminate\\Http\\Request), Object(Closure), 'admin')
#24 D:\\BH\\herbareyou\\sakura_herb_are_you\\api-herbareyou\\vendor\\laravel\\framework\\src\\Illuminate\\Pipeline\\Pipeline.php(103): Illuminate\\Pipeline\\Pipeline->Illuminate\\Pipeline\\{closure}(Object(Illuminate\\Http\\Request))
#25 D:\\BH\\herbareyou\\sakura_herb_are_you\\api-herbareyou\\vendor\\laravel\\framework\\src\\Illuminate\\Routing\\Router.php(687): Illuminate\\Pipeline\\Pipeline->then(Object(Closure))
#26 D:\\BH\\herbareyou\\sakura_herb_are_you\\api-herbareyou\\vendor\\laravel\\framework\\src\\Illuminate\\Routing\\Router.php(662): Illuminate\\Routing\\Router->runRouteWithinStack(Object(Illuminate\\Routing\\Route), Object(Illuminate\\Http\\Request))
#27 D:\\BH\\herbareyou\\sakura_herb_are_you\\api-herbareyou\\vendor\\laravel\\framework\\src\\Illuminate\\Routing\\Router.php(628): Illuminate\\Routing\\Router->runRoute(Object(Illuminate\\Http\\Request), Object(Illuminate\\Routing\\Route))
#28 D:\\BH\\herbareyou\\sakura_herb_are_you\\api-herbareyou\\vendor\\laravel\\framework\\src\\Illuminate\\Routing\\Router.php(617): Illuminate\\Routing\\Router->dispatchToRoute(Object(Illuminate\\Http\\Request))
#29 D:\\BH\\herbareyou\\sakura_herb_are_you\\api-herbareyou\\vendor\\laravel\\framework\\src\\Illuminate\\Foundation\\Http\\Kernel.php(165): Illuminate\\Routing\\Router->dispatch(Object(Illuminate\\Http\\Request))
#30 D:\\BH\\herbareyou\\sakura_herb_are_you\\api-herbareyou\\vendor\\laravel\\framework\\src\\Illuminate\\Pipeline\\Pipeline.php(128): Illuminate\\Foundation\\Http\\Kernel->Illuminate\\Foundation\\Http\\{closure}(Object(Illuminate\\Http\\Request))
#31 D:\\BH\\herbareyou\\sakura_herb_are_you\\api-herbareyou\\vendor\\laravel\\framework\\src\\Illuminate\\Foundation\\Http\\Middleware\\TransformsRequest.php(21): Illuminate\\Pipeline\\Pipeline->Illuminate\\Pipeline\\{closure}(Object(Illuminate\\Http\\Request))
#32 D:\\BH\\herbareyou\\sakura_herb_are_you\\api-herbareyou\\vendor\\laravel\\framework\\src\\Illuminate\\Pipeline\\Pipeline.php(167): Illuminate\\Foundation\\Http\\Middleware\\TransformsRequest->handle(Object(Illuminate\\Http\\Request), Object(Closure))
#33 D:\\BH\\herbareyou\\sakura_herb_are_you\\api-herbareyou\\vendor\\laravel\\framework\\src\\Illuminate\\Foundation\\Http\\Middleware\\TransformsRequest.php(21): Illuminate\\Pipeline\\Pipeline->Illuminate\\Pipeline\\{closure}(Object(Illuminate\\Http\\Request))
#34 D:\\BH\\herbareyou\\sakura_herb_are_you\\api-herbareyou\\vendor\\laravel\\framework\\src\\Illuminate\\Pipeline\\Pipeline.php(167): Illuminate\\Foundation\\Http\\Middleware\\TransformsRequest->handle(Object(Illuminate\\Http\\Request), Object(Closure))
#35 D:\\BH\\herbareyou\\sakura_herb_are_you\\api-herbareyou\\vendor\\laravel\\framework\\src\\Illuminate\\Foundation\\Http\\Middleware\\ValidatePostSize.php(27): Illuminate\\Pipeline\\Pipeline->Illuminate\\Pipeline\\{closure}(Object(Illuminate\\Http\\Request))
#36 D:\\BH\\herbareyou\\sakura_herb_are_you\\api-herbareyou\\vendor\\laravel\\framework\\src\\Illuminate\\Pipeline\\Pipeline.php(167): Illuminate\\Foundation\\Http\\Middleware\\ValidatePostSize->handle(Object(Illuminate\\Http\\Request), Object(Closure))
#37 D:\\BH\\herbareyou\\sakura_herb_are_you\\api-herbareyou\\vendor\\laravel\\framework\\src\\Illuminate\\Foundation\\Http\\Middleware\\CheckForMaintenanceMode.php(63): Illuminate\\Pipeline\\Pipeline->Illuminate\\Pipeline\\{closure}(Object(Illuminate\\Http\\Request))
#38 D:\\BH\\herbareyou\\sakura_herb_are_you\\api-herbareyou\\vendor\\laravel\\framework\\src\\Illuminate\\Pipeline\\Pipeline.php(167): Illuminate\\Foundation\\Http\\Middleware\\CheckForMaintenanceMode->handle(Object(Illuminate\\Http\\Request), Object(Closure))
#39 D:\\BH\\herbareyou\\sakura_herb_are_you\\api-herbareyou\\vendor\\fruitcake\\laravel-cors\\src\\HandleCors.php(52): Illuminate\\Pipeline\\Pipeline->Illuminate\\Pipeline\\{closure}(Object(Illuminate\\Http\\Request))
#40 D:\\BH\\herbareyou\\sakura_herb_are_you\\api-herbareyou\\vendor\\laravel\\framework\\src\\Illuminate\\Pipeline\\Pipeline.php(167): Fruitcake\\Cors\\HandleCors->handle(Object(Illuminate\\Http\\Request), Object(Closure))
#41 D:\\BH\\herbareyou\\sakura_herb_are_you\\api-herbareyou\\vendor\\fideloper\\proxy\\src\\TrustProxies.php(57): Illuminate\\Pipeline\\Pipeline->Illuminate\\Pipeline\\{closure}(Object(Illuminate\\Http\\Request))
#42 D:\\BH\\herbareyou\\sakura_herb_are_you\\api-herbareyou\\vendor\\laravel\\framework\\src\\Illuminate\\Pipeline\\Pipeline.php(167): Fideloper\\Proxy\\TrustProxies->handle(Object(Illuminate\\Http\\Request), Object(Closure))
#43 D:\\BH\\herbareyou\\sakura_herb_are_you\\api-herbareyou\\vendor\\laravel\\framework\\src\\Illuminate\\Pipeline\\Pipeline.php(103): Illuminate\\Pipeline\\Pipeline->Illuminate\\Pipeline\\{closure}(Object(Illuminate\\Http\\Request))
#44 D:\\BH\\herbareyou\\sakura_herb_are_you\\api-herbareyou\\vendor\\laravel\\framework\\src\\Illuminate\\Foundation\\Http\\Kernel.php(140): Illuminate\\Pipeline\\Pipeline->then(Object(Closure))
#45 D:\\BH\\herbareyou\\sakura_herb_are_you\\api-herbareyou\\vendor\\laravel\\framework\\src\\Illuminate\\Foundation\\Http\\Kernel.php(109): Illuminate\\Foundation\\Http\\Kernel->sendRequestThroughRouter(Object(Illuminate\\Http\\Request))
#46 D:\\BH\\herbareyou\\sakura_herb_are_you\\api-herbareyou\\public\\index.php(55): Illuminate\\Foundation\\Http\\Kernel->handle(Object(Illuminate\\Http\\Request))
#47 D:\\BH\\herbareyou\\sakura_herb_are_you\\api-herbareyou\\server.php(21): require_once('D:\\\\BH\\\\herbareyo...')
#48 {main}
"} 
[2023-01-24 20:06:31] laravel.ERROR: InvalidArgumentException: Credentials must be an instance of Aws\Credentials\CredentialsInterface, an associative array that contains "key", "secret", and an optional "token" key-value pairs, a credentials provider function, or false. in D:\BH\herbareyou\sakura_herb_are_you\api-herbareyou\vendor\aws\aws-sdk-php\src\ClientResolver.php:531
Stack trace:
#0 D:\BH\herbareyou\sakura_herb_are_you\api-herbareyou\vendor\aws\aws-sdk-php\src\ClientResolver.php(352): Aws\ClientResolver::_apply_credentials(Array, Array, Object(Aws\HandlerList))
#1 D:\BH\herbareyou\sakura_herb_are_you\api-herbareyou\vendor\aws\aws-sdk-php\src\AwsClient.php(199): Aws\ClientResolver->resolve(Array, Object(Aws\HandlerList))
#2 D:\BH\herbareyou\sakura_herb_are_you\api-herbareyou\vendor\aws\aws-sdk-php\src\S3\S3Client.php(355): Aws\AwsClient->__construct(Array)
#3 D:\BH\herbareyou\sakura_herb_are_you\api-herbareyou\app\Aws\S3Handler.php(19): Aws\S3\S3Client->__construct(Array)
#4 D:\BH\herbareyou\sakura_herb_are_you\api-herbareyou\app\Aws\S3Handler.php(26): App\Aws\S3Handler->getS3Client()
#5 D:\BH\herbareyou\sakura_herb_are_you\api-herbareyou\app\Http\Controllers\Api\Adminer\UploadFileController.php(31): App\Aws\S3Handler->createPresignedUrl('content.herbare...', 'herbareyou/uplo...')
#6 D:\BH\herbareyou\sakura_herb_are_you\api-herbareyou\vendor\laravel\framework\src\Illuminate\Routing\Controller.php(54): App\Http\Controllers\Api\Adminer\UploadFileController->getPreSignedUrl(Object(App\Http\Requests\Api\Adminer\UploadFileGetPreSignedUrlRequest))
#7 D:\BH\herbareyou\sakura_herb_are_you\api-herbareyou\vendor\laravel\framework\src\Illuminate\Routing\ControllerDispatcher.php(45): Illuminate\Routing\Controller->callAction('getPreSignedUrl', Array)
#8 D:\BH\herbareyou\sakura_herb_are_you\api-herbareyou\vendor\laravel\framework\src\Illuminate\Routing\Route.php(239): Illuminate\Routing\ControllerDispatcher->dispatch(Object(Illuminate\Routing\Route), Object(App\Http\Controllers\Api\Adminer\UploadFileController), 'getPreSignedUrl')
#9 D:\BH\herbareyou\sakura_herb_are_you\api-herbareyou\vendor\laravel\framework\src\Illuminate\Routing\Route.php(196): Illuminate\Routing\Route->runController()
#10 D:\BH\herbareyou\sakura_herb_are_you\api-herbareyou\vendor\laravel\framework\src\Illuminate\Routing\Router.php(685): Illuminate\Routing\Route->run()
#11 D:\BH\herbareyou\sakura_herb_are_you\api-herbareyou\vendor\laravel\framework\src\Illuminate\Pipeline\Pipeline.php(128): Illuminate\Routing\Router->Illuminate\Routing\{closure}(Object(Illuminate\Http\Request))
#12 D:\BH\herbareyou\sakura_herb_are_you\api-herbareyou\app\Http\Middleware\Cors.php(11): Illuminate\Pipeline\Pipeline->Illuminate\Pipeline\{closure}(Object(Illuminate\Http\Request))
#13 D:\BH\herbareyou\sakura_herb_are_you\api-herbareyou\vendor\laravel\framework\src\Illuminate\Pipeline\Pipeline.php(167): App\Http\Middleware\Cors->handle(Object(Illuminate\Http\Request), Object(Closure))
#14 D:\BH\herbareyou\sakura_herb_are_you\api-herbareyou\vendor\laravel\framework\src\Illuminate\Routing\Middleware\SubstituteBindings.php(41): Illuminate\Pipeline\Pipeline->Illuminate\Pipeline\{closure}(Object(Illuminate\Http\Request))
#15 D:\BH\herbareyou\sakura_herb_are_you\api-herbareyou\vendor\laravel\framework\src\Illuminate\Pipeline\Pipeline.php(167): Illuminate\Routing\Middleware\SubstituteBindings->handle(Object(Illuminate\Http\Request), Object(Closure))
#16 D:\BH\herbareyou\sakura_herb_are_you\api-herbareyou\vendor\laravel\framework\src\Illuminate\Routing\Middleware\ThrottleRequests.php(59): Illuminate\Pipeline\Pipeline->Illuminate\Pipeline\{closure}(Object(Illuminate\Http\Request))
#17 D:\BH\herbareyou\sakura_herb_are_you\api-herbareyou\vendor\laravel\framework\src\Illuminate\Pipeline\Pipeline.php(167): Illuminate\Routing\Middleware\ThrottleRequests->handle(Object(Illuminate\Http\Request), Object(Closure), 1000, '1')
#18 D:\BH\herbareyou\sakura_herb_are_you\api-herbareyou\vendor\smartins\passport-multiauth\src\Http\Middleware\MultiAuthenticate.php(137): Illuminate\Pipeline\Pipeline->Illuminate\Pipeline\{closure}(Object(Illuminate\Http\Request))
#19 D:\BH\herbareyou\sakura_herb_are_you\api-herbareyou\vendor\laravel\framework\src\Illuminate\Pipeline\Pipeline.php(167): SMartins\PassportMultiauth\Http\Middleware\MultiAuthenticate->handle(Object(Illuminate\Http\Request), Object(Closure), 'admin')
#20 D:\BH\herbareyou\sakura_herb_are_you\api-herbareyou\vendor\laravel\framework\src\Illuminate\Pipeline\Pipeline.php(103): Illuminate\Pipeline\Pipeline->Illuminate\Pipeline\{closure}(Object(Illuminate\Http\Request))
#21 D:\BH\herbareyou\sakura_herb_are_you\api-herbareyou\vendor\laravel\framework\src\Illuminate\Routing\Router.php(687): Illuminate\Pipeline\Pipeline->then(Object(Closure))
#22 D:\BH\herbareyou\sakura_herb_are_you\api-herbareyou\vendor\laravel\framework\src\Illuminate\Routing\Router.php(662): Illuminate\Routing\Router->runRouteWithinStack(Object(Illuminate\Routing\Route), Object(Illuminate\Http\Request))
#23 D:\BH\herbareyou\sakura_herb_are_you\api-herbareyou\vendor\laravel\framework\src\Illuminate\Routing\Router.php(628): Illuminate\Routing\Router->runRoute(Object(Illuminate\Http\Request), Object(Illuminate\Routing\Route))
#24 D:\BH\herbareyou\sakura_herb_are_you\api-herbareyou\vendor\laravel\framework\src\Illuminate\Routing\Router.php(617): Illuminate\Routing\Router->dispatchToRoute(Object(Illuminate\Http\Request))
#25 D:\BH\herbareyou\sakura_herb_are_you\api-herbareyou\vendor\laravel\framework\src\Illuminate\Foundation\Http\Kernel.php(165): Illuminate\Routing\Router->dispatch(Object(Illuminate\Http\Request))
#26 D:\BH\herbareyou\sakura_herb_are_you\api-herbareyou\vendor\laravel\framework\src\Illuminate\Pipeline\Pipeline.php(128): Illuminate\Foundation\Http\Kernel->Illuminate\Foundation\Http\{closure}(Object(Illuminate\Http\Request))
#27 D:\BH\herbareyou\sakura_herb_are_you\api-herbareyou\vendor\laravel\framework\src\Illuminate\Foundation\Http\Middleware\TransformsRequest.php(21): Illuminate\Pipeline\Pipeline->Illuminate\Pipeline\{closure}(Object(Illuminate\Http\Request))
#28 D:\BH\herbareyou\sakura_herb_are_you\api-herbareyou\vendor\laravel\framework\src\Illuminate\Pipeline\Pipeline.php(167): Illuminate\Foundation\Http\Middleware\TransformsRequest->handle(Object(Illuminate\Http\Request), Object(Closure))
#29 D:\BH\herbareyou\sakura_herb_are_you\api-herbareyou\vendor\laravel\framework\src\Illuminate\Foundation\Http\Middleware\TransformsRequest.php(21): Illuminate\Pipeline\Pipeline->Illuminate\Pipeline\{closure}(Object(Illuminate\Http\Request))
#30 D:\BH\herbareyou\sakura_herb_are_you\api-herbareyou\vendor\laravel\framework\src\Illuminate\Pipeline\Pipeline.php(167): Illuminate\Foundation\Http\Middleware\TransformsRequest->handle(Object(Illuminate\Http\Request), Object(Closure))
#31 D:\BH\herbareyou\sakura_herb_are_you\api-herbareyou\vendor\laravel\framework\src\Illuminate\Foundation\Http\Middleware\ValidatePostSize.php(27): Illuminate\Pipeline\Pipeline->Illuminate\Pipeline\{closure}(Object(Illuminate\Http\Request))
#32 D:\BH\herbareyou\sakura_herb_are_you\api-herbareyou\vendor\laravel\framework\src\Illuminate\Pipeline\Pipeline.php(167): Illuminate\Foundation\Http\Middleware\ValidatePostSize->handle(Object(Illuminate\Http\Request), Object(Closure))
#33 D:\BH\herbareyou\sakura_herb_are_you\api-herbareyou\vendor\laravel\framework\src\Illuminate\Foundation\Http\Middleware\CheckForMaintenanceMode.php(63): Illuminate\Pipeline\Pipeline->Illuminate\Pipeline\{closure}(Object(Illuminate\Http\Request))
#34 D:\BH\herbareyou\sakura_herb_are_you\api-herbareyou\vendor\laravel\framework\src\Illuminate\Pipeline\Pipeline.php(167): Illuminate\Foundation\Http\Middleware\CheckForMaintenanceMode->handle(Object(Illuminate\Http\Request), Object(Closure))
#35 D:\BH\herbareyou\sakura_herb_are_you\api-herbareyou\vendor\fruitcake\laravel-cors\src\HandleCors.php(52): Illuminate\Pipeline\Pipeline->Illuminate\Pipeline\{closure}(Object(Illuminate\Http\Request))
#36 D:\BH\herbareyou\sakura_herb_are_you\api-herbareyou\vendor\laravel\framework\src\Illuminate\Pipeline\Pipeline.php(167): Fruitcake\Cors\HandleCors->handle(Object(Illuminate\Http\Request), Object(Closure))
#37 D:\BH\herbareyou\sakura_herb_are_you\api-herbareyou\vendor\fideloper\proxy\src\TrustProxies.php(57): Illuminate\Pipeline\Pipeline->Illuminate\Pipeline\{closure}(Object(Illuminate\Http\Request))
#38 D:\BH\herbareyou\sakura_herb_are_you\api-herbareyou\vendor\laravel\framework\src\Illuminate\Pipeline\Pipeline.php(167): Fideloper\Proxy\TrustProxies->handle(Object(Illuminate\Http\Request), Object(Closure))
#39 D:\BH\herbareyou\sakura_herb_are_you\api-herbareyou\vendor\laravel\framework\src\Illuminate\Pipeline\Pipeline.php(103): Illuminate\Pipeline\Pipeline->Illuminate\Pipeline\{closure}(Object(Illuminate\Http\Request))
#40 D:\BH\herbareyou\sakura_herb_are_you\api-herbareyou\vendor\laravel\framework\src\Illuminate\Foundation\Http\Kernel.php(140): Illuminate\Pipeline\Pipeline->then(Object(Closure))
#41 D:\BH\herbareyou\sakura_herb_are_you\api-herbareyou\vendor\laravel\framework\src\Illuminate\Foundation\Http\Kernel.php(109): Illuminate\Foundation\Http\Kernel->sendRequestThroughRouter(Object(Illuminate\Http\Request))
#42 D:\BH\herbareyou\sakura_herb_are_you\api-herbareyou\public\index.php(55): Illuminate\Foundation\Http\Kernel->handle(Object(Illuminate\Http\Request))
#43 D:\BH\herbareyou\sakura_herb_are_you\api-herbareyou\server.php(21): require_once('D:\\BH\\herbareyo...')
#44 {main}  
[2023-02-24 15:21:49] laravel.EMERGENCY: Unable to create configured logger. Using emergency logger. {"exception":"[object] (ErrorException(code: 0): Use of \"self\" in callables is deprecated at D:\\BH\\project\\herbareyou\\sakura_herb_are_you\\api-herbareyou\\vendor\\aws\\aws-sdk-php\\src\\DefaultsMode\\ConfigurationProvider.php:85)
[stacktrace]
#0 [internal function]: Illuminate\\Foundation\\Bootstrap\\HandleExceptions->handleError(8192, 'Use of \"self\" i...', 'D:\\\\BH\\\\project\\\\h...', 85)
#1 D:\\BH\\project\\herbareyou\\sakura_herb_are_you\\api-herbareyou\\vendor\\aws\\aws-sdk-php\\src\\DefaultsMode\\ConfigurationProvider.php(85): call_user_func_array('self::chain', Array)
#2 D:\\BH\\project\\herbareyou\\sakura_herb_are_you\\api-herbareyou\\vendor\\aws\\aws-sdk-php\\src\\ClientResolver.php(324): Aws\\DefaultsMode\\ConfigurationProvider::defaultProvider(Array)
#3 D:\\BH\\project\\herbareyou\\sakura_herb_are_you\\api-herbareyou\\vendor\\aws\\aws-sdk-php\\src\\AwsClient.php(199): Aws\\ClientResolver->resolve(Array, Object(Aws\\HandlerList))
#4 D:\\BH\\project\\herbareyou\\sakura_herb_are_you\\api-herbareyou\\app\\Logging\\CloudWatchLog.php(15): Aws\\AwsClient->__construct(Array)
#5 D:\\BH\\project\\herbareyou\\sakura_herb_are_you\\api-herbareyou\\vendor\\laravel\\framework\\src\\Illuminate\\Log\\LogManager.php(229): App\\Logging\\CloudWatchLog->__invoke(Array)
#6 D:\\BH\\project\\herbareyou\\sakura_herb_are_you\\api-herbareyou\\vendor\\laravel\\framework\\src\\Illuminate\\Log\\LogManager.php(202): Illuminate\\Log\\LogManager->createCustomDriver(Array)
#7 D:\\BH\\project\\herbareyou\\sakura_herb_are_you\\api-herbareyou\\vendor\\laravel\\framework\\src\\Illuminate\\Log\\LogManager.php(118): Illuminate\\Log\\LogManager->resolve('cloudwatch')
#8 D:\\BH\\project\\herbareyou\\sakura_herb_are_you\\api-herbareyou\\vendor\\laravel\\framework\\src\\Illuminate\\Log\\LogManager.php(98): Illuminate\\Log\\LogManager->get('cloudwatch')
#9 D:\\BH\\project\\herbareyou\\sakura_herb_are_you\\api-herbareyou\\vendor\\laravel\\framework\\src\\Illuminate\\Log\\LogManager.php(543): Illuminate\\Log\\LogManager->driver()
#10 D:\\BH\\project\\herbareyou\\sakura_herb_are_you\\api-herbareyou\\vendor\\laravel\\framework\\src\\Illuminate\\Foundation\\Exceptions\\Handler.php(118): Illuminate\\Log\\LogManager->error('During inherita...', Array)
#11 D:\\BH\\project\\herbareyou\\sakura_herb_are_you\\api-herbareyou\\app\\Exceptions\\Handler.php(42): Illuminate\\Foundation\\Exceptions\\Handler->report(Object(Symfony\\Component\\ErrorHandler\\Error\\FatalError))
#12 D:\\BH\\project\\herbareyou\\sakura_herb_are_you\\api-herbareyou\\vendor\\laravel\\framework\\src\\Illuminate\\Foundation\\Bootstrap\\HandleExceptions.php(88): App\\Exceptions\\Handler->report(Object(Symfony\\Component\\ErrorHandler\\Error\\FatalError))
#13 D:\\BH\\project\\herbareyou\\sakura_herb_are_you\\api-herbareyou\\vendor\\laravel\\framework\\src\\Illuminate\\Foundation\\Bootstrap\\HandleExceptions.php(130): Illuminate\\Foundation\\Bootstrap\\HandleExceptions->handleException(Object(Symfony\\Component\\ErrorHandler\\Error\\FatalError))
#14 [internal function]: Illuminate\\Foundation\\Bootstrap\\HandleExceptions->handleShutdown()
#15 {main}
"} 
[2023-02-24 15:21:49] laravel.ERROR: During inheritance of ArrayAccess: Uncaught ErrorException: Return type of Illuminate\Support\Collection::offsetExists($key) should either be compatible with ArrayAccess::offsetExists(mixed $offset): bool, or the #[\ReturnTypeWillChange] attribute should be used to temporarily suppress the notice in D:\BH\project\herbareyou\sakura_herb_are_you\api-herbareyou\vendor\laravel\framework\src\Illuminate\Support\Collection.php:1349
Stack trace:
#0 D:\BH\project\herbareyou\sakura_herb_are_you\api-herbareyou\vendor\laravel\framework\src\Illuminate\Support\Collection.php(11): Illuminate\Foundation\Bootstrap\HandleExceptions->handleError(8192, 'Return type of ...', 'D:\\BH\\project\\h...', 1349)
#1 D:\BH\project\herbareyou\sakura_herb_are_you\api-herbareyou\vendor\composer\ClassLoader.php(578): include('D:\\BH\\project\\h...')
#2 D:\BH\project\herbareyou\sakura_herb_are_you\api-herbareyou\vendor\composer\ClassLoader.php(432): Composer\Autoload\ClassLoader::Composer\Autoload\{closure}('D:\\BH\\project\\h...')
#3 D:\BH\project\herbareyou\sakura_herb_are_you\api-herbareyou\vendor\laravel\framework\src\Illuminate\Support\helpers.php(110): Composer\Autoload\ClassLoader->loadClass('Illuminate\\Supp...')
#4 D:\BH\project\herbareyou\sakura_herb_are_you\api-herbareyou\vendor\laravel\framework\src\Illuminate\Foundation\PackageManifest.php(130): collect(Array)
#5 D:\BH\project\herbareyou\sakura_herb_are_you\api-herbareyou\vendor\laravel\framework\src\Illuminate\Foundation\PackageManifest.php(106): Illuminate\Foundation\PackageManifest->build()
#6 D:\BH\project\herbareyou\sakura_herb_are_you\api-herbareyou\vendor\laravel\framework\src\Illuminate\Foundation\PackageManifest.php(89): Illuminate\Foundation\PackageManifest->getManifest()
#7 D:\BH\project\herbareyou\sakura_herb_are_you\api-herbareyou\vendor\laravel\framework\src\Illuminate\Foundation\PackageManifest.php(78): Illuminate\Foundation\PackageManifest->config('aliases')
#8 D:\BH\project\herbareyou\sakura_herb_are_you\api-herbareyou\vendor\laravel\framework\src\Illuminate\Foundation\Bootstrap\RegisterFacades.php(26): Illuminate\Foundation\PackageManifest->aliases()
#9 D:\BH\project\herbareyou\sakura_herb_are_you\api-herbareyou\vendor\laravel\framework\src\Illuminate\Foundation\Application.php(230): Illuminate\Foundation\Bootstrap\RegisterFacades->bootstrap(Object(Illuminate\Foundation\Application))
#10 D:\BH\project\herbareyou\sakura_herb_are_you\api-herbareyou\vendor\laravel\framework\src\Illuminate\Foundation\Console\Kernel.php(310): Illuminate\Foundation\Application->bootstrapWith(Array)
#11 D:\BH\project\herbareyou\sakura_herb_are_you\api-herbareyou\vendor\laravel\framework\src\Illuminate\Foundation\Console\Kernel.php(127): Illuminate\Foundation\Console\Kernel->bootstrap()
#12 D:\BH\project\herbareyou\sakura_herb_are_you\api-herbareyou\artisan(35): Illuminate\Foundation\Console\Kernel->handle(Object(Symfony\Component\Console\Input\ArgvInput), Object(Symfony\Component\Console\Output\ConsoleOutput))
#13 {main} {"exception":"[object] (Symfony\\Component\\ErrorHandler\\Error\\FatalError(code: 0): During inheritance of ArrayAccess: Uncaught ErrorException: Return type of Illuminate\\Support\\Collection::offsetExists($key) should either be compatible with ArrayAccess::offsetExists(mixed $offset): bool, or the #[\\ReturnTypeWillChange] attribute should be used to temporarily suppress the notice in D:\\BH\\project\\herbareyou\\sakura_herb_are_you\\api-herbareyou\\vendor\\laravel\\framework\\src\\Illuminate\\Support\\Collection.php:1349
Stack trace:
#0 D:\\BH\\project\\herbareyou\\sakura_herb_are_you\\api-herbareyou\\vendor\\laravel\\framework\\src\\Illuminate\\Support\\Collection.php(11): Illuminate\\Foundation\\Bootstrap\\HandleExceptions->handleError(8192, 'Return type of ...', 'D:\\\\BH\\\\project\\\\h...', 1349)
#1 D:\\BH\\project\\herbareyou\\sakura_herb_are_you\\api-herbareyou\\vendor\\composer\\ClassLoader.php(578): include('D:\\\\BH\\\\project\\\\h...')
#2 D:\\BH\\project\\herbareyou\\sakura_herb_are_you\\api-herbareyou\\vendor\\composer\\ClassLoader.php(432): Composer\\Autoload\\ClassLoader::Composer\\Autoload\\{closure}('D:\\\\BH\\\\project\\\\h...')
#3 D:\\BH\\project\\herbareyou\\sakura_herb_are_you\\api-herbareyou\\vendor\\laravel\\framework\\src\\Illuminate\\Support\\helpers.php(110): Composer\\Autoload\\ClassLoader->loadClass('Illuminate\\\\Supp...')
#4 D:\\BH\\project\\herbareyou\\sakura_herb_are_you\\api-herbareyou\\vendor\\laravel\\framework\\src\\Illuminate\\Foundation\\PackageManifest.php(130): collect(Array)
#5 D:\\BH\\project\\herbareyou\\sakura_herb_are_you\\api-herbareyou\\vendor\\laravel\\framework\\src\\Illuminate\\Foundation\\PackageManifest.php(106): Illuminate\\Foundation\\PackageManifest->build()
#6 D:\\BH\\project\\herbareyou\\sakura_herb_are_you\\api-herbareyou\\vendor\\laravel\\framework\\src\\Illuminate\\Foundation\\PackageManifest.php(89): Illuminate\\Foundation\\PackageManifest->getManifest()
#7 D:\\BH\\project\\herbareyou\\sakura_herb_are_you\\api-herbareyou\\vendor\\laravel\\framework\\src\\Illuminate\\Foundation\\PackageManifest.php(78): Illuminate\\Foundation\\PackageManifest->config('aliases')
#8 D:\\BH\\project\\herbareyou\\sakura_herb_are_you\\api-herbareyou\\vendor\\laravel\\framework\\src\\Illuminate\\Foundation\\Bootstrap\\RegisterFacades.php(26): Illuminate\\Foundation\\PackageManifest->aliases()
#9 D:\\BH\\project\\herbareyou\\sakura_herb_are_you\\api-herbareyou\\vendor\\laravel\\framework\\src\\Illuminate\\Foundation\\Application.php(230): Illuminate\\Foundation\\Bootstrap\\RegisterFacades->bootstrap(Object(Illuminate\\Foundation\\Application))
#10 D:\\BH\\project\\herbareyou\\sakura_herb_are_you\\api-herbareyou\\vendor\\laravel\\framework\\src\\Illuminate\\Foundation\\Console\\Kernel.php(310): Illuminate\\Foundation\\Application->bootstrapWith(Array)
#11 D:\\BH\\project\\herbareyou\\sakura_herb_are_you\\api-herbareyou\\vendor\\laravel\\framework\\src\\Illuminate\\Foundation\\Console\\Kernel.php(127): Illuminate\\Foundation\\Console\\Kernel->bootstrap()
#12 D:\\BH\\project\\herbareyou\\sakura_herb_are_you\\api-herbareyou\\artisan(35): Illuminate\\Foundation\\Console\\Kernel->handle(Object(Symfony\\Component\\Console\\Input\\ArgvInput), Object(Symfony\\Component\\Console\\Output\\ConsoleOutput))
#13 {main} at D:\\BH\\project\\herbareyou\\sakura_herb_are_you\\api-herbareyou\\vendor\\laravel\\framework\\src\\Illuminate\\Support\\Collection.php:11)
[stacktrace]
#0 {main}
"} 
